2021-11-22 1155.13 (Info) DataManager::run: ***ATS Startup***
2021-11-22 1155.17 (Info) DataServiceUtilityMgrThreads::UtilityManager: Utility Manager has started
2021-11-22 1155.22 (Info) DataManagerDB::loadWatchRecs: Total number of watch records read from DB (36) - Total Actively watched (34)
2021-11-22 1155.22 (Info) DataManagerDBMgrThreads::DBManager: Database manager has started
2021-11-22 1156.10 (Info) DataManager::run: ***ATS Startup***
2021-11-22 1156.14 (Info) DataServiceUtilityMgrThreads::UtilityManager: Utility Manager has started
2021-11-22 1156.18 (Info) DataManagerDB::loadWatchRecs: Total number of watch records read from DB (36) - Total Actively watched (34)
2021-11-22 1156.18 (Info) DataManagerDBMgrThreads::DBManager: Database manager has started
2021-11-22 1156.19 (Info) DataAnalytics: Started Analytics worker thread Slot #0 - TID #11000 (0x2af8)
2021-11-22 1156.19 (Info) DataAnalytics: Started Analytics worker thread Slot #1 - TID #2452 (0x994)
2021-11-22 1156.19 (Info) DataFileConnectorThreads::DataFileConnectorManager: DataFile (snapshot reader) Provider Connector subsystem is starting
2021-11-22 1156.19 (Info) DataAnalytics: Started Analytics worker thread Slot #2 - TID #1120 (0x460)
2021-11-22 1156.19 (Info) DataAnalytics: Started Analytics worker thread Slot #3 - TID #9884 (0x269c)
2021-11-22 1156.19 (Info) DataAnalytics: Started Analytics worker thread Slot #4 - TID #2104 (0x838)
2021-11-22 1156.19 (Info) DataAnalytics: Started Analytics worker thread Slot #5 - TID #6292 (0x1894)
2021-11-22 1156.19 (Info) DataAnalytics: Started Analytics worker thread Slot #6 - TID #3508 (0xdb4)
2021-11-22 1156.19 (Info) DataAnalytics: Started Analytics worker thread Slot #7 - TID #8720 (0x2210)
2021-11-22 1156.19 (Info) DataCollector: Started Collector worker thread Slot #0 - TID #2148 (0x864)
2021-11-22 1156.20 (Info) DataAnalyticsThreads::AnalyticsManager: Analytics subsystem has started
2021-11-22 1156.20 (Info) DataFileConnector_Routines::connectToService: DataFile service connected
2021-11-22 1156.20 (Info) DataFileConnectorThreads::DataFileConnectorManager: Connected to DataFile (snapshot reader) provider service
2021-11-22 1156.20 (Info) DataCollectorThreads::ConnectorManager: Collector subsystem has started
2021-11-22 1156.34 (Info) DataFileConnector::processSnapshotFile: Current trade count: #    5000	 CB-Size: 100	 Active-Elements: 0	 TPS: 373.21s/22392.54m
2021-11-22 1156.46 (Info) DataFileConnector::processSnapshotFile: Current trade count: #   10000	 CB-Size: 100	 Active-Elements: 0	 TPS: 379.33s/22759.52m
2021-11-22 1156.59 (Info) DataFileConnector::processSnapshotFile: Current trade count: #   15000	 CB-Size: 100	 Active-Elements: 0	 TPS: 384.44s/23066.31m
2021-11-22 1157.12 (Info) DataFileConnector::processSnapshotFile: Current trade count: #   20000	 CB-Size: 100	 Active-Elements: 0	 TPS: 384.58s/23074.74m
2021-11-22 1157.25 (Info) DataFileConnector::processSnapshotFile: Current trade count: #   25000	 CB-Size: 100	 Active-Elements: 0	 TPS: 387.41s/23244.47m
2021-11-22 1157.37 (Info) DataFileConnector::processSnapshotFile: Current trade count: #   30000	 CB-Size: 100	 Active-Elements: 0	 TPS: 390.79s/23447.49m
2021-11-22 1157.50 (Info) DataFileConnector::processSnapshotFile: Current trade count: #   35000	 CB-Size: 100	 Active-Elements: 0	 TPS: 388.34s/23300.39m
2021-11-22 1158.03 (Info) DataFileConnector::processSnapshotFile: Current trade count: #   40000	 CB-Size: 100	 Active-Elements: 0	 TPS: 388.99s/23339.69m
2021-11-22 1158.17 (Info) DataFileConnector::processSnapshotFile: Current trade count: #   45000	 CB-Size: 100	 Active-Elements: 0	 TPS: 385.38s/23122.64m
2021-11-22 1158.30 (Info) DataFileConnector::processSnapshotFile: Current trade count: #   50000	 CB-Size: 100	 Active-Elements: 0	 TPS: 384.27s/23056.47m
2021-11-22 1158.43 (Info) DataFileConnector::processSnapshotFile: Current trade count: #   55000	 CB-Size: 100	 Active-Elements: 0	 TPS: 383.77s/23026.42m
2021-11-22 1158.51 (Trade) AnalyticCtx_LTLS::trendAnalysisHandler: >>>>> OPEN  (Long) position:    SPY  Amt 360.0592 <<<<<  last_tick: 360.0500
2021-11-22 1158.54 (Info) AnalyticCtx_LTLS::trendAnalysisHandler: TREND CHANGE occurred while in FOLLOW state for (SPY)
2021-11-22 1158.54 (Trade) AnalyticCtx_LTLS::trendAnalysisHandler: >>>>> CLOSE (Long) position:    SPY  Amt 360.0500 <<<<<  last_tick: 360.0550
2021-11-22 1158.56 (Info) DataFileConnector::processSnapshotFile: Current trade count: #   60000	 CB-Size: 100	 Active-Elements: 0	 TPS: 385.04s/23102.59m
2021-11-22 1159.09 (Info) DataFileConnector::processSnapshotFile: Current trade count: #   65000	 CB-Size: 100	 Active-Elements: 0	 TPS: 384.26s/23055.38m
2021-11-22 1159.23 (Info) DataFileConnector::processSnapshotFile: Current trade count: #   70000	 CB-Size: 100	 Active-Elements: 0	 TPS: 383.75s/23025.21m
2021-11-22 1159.36 (Info) DataFileConnector::processSnapshotFile: Current trade count: #   75000	 CB-Size: 100	 Active-Elements: 0	 TPS: 383.39s/23003.27m
2021-11-22 1159.49 (Info) DataFileConnector::processSnapshotFile: Current trade count: #   80000	 CB-Size: 100	 Active-Elements: 0	 TPS: 382.26s/22935.85m
